#
# A fatal error has been detected by the Java Runtime Environment:
#
#  EXCEPTION_ACCESS_VIOLATION (0xc0000005) at pc=0x00007ffd1c37e2ca, pid=9704, tid=0x00000000000017b4
#
# JRE version: Java(TM) SE Runtime Environment (8.0_121-b13) (build 1.8.0_121-b13)
# Java VM: Java HotSpot(TM) 64-Bit Server VM (25.121-b13 mixed mode windows-amd64 compressed oops)
# Problematic frame:
# C  [lwjgl_opengl.dll+0xe2ca]
#
# Failed to write core dump. Minidumps are not enabled by default on client versions of Windows
#
# If you would like to submit a bug report, please visit:
#   http://bugreport.java.com/bugreport/crash.jsp
# The crash happened outside the Java Virtual Machine in native code.
# See problematic frame for where to report the bug.
#

---------------  T H R E A D  ---------------

Current thread (0x0000000018ff1000):  JavaThread "GAME_LOOP_THREAD" [_thread_in_native, id=6068, stack(0x000000001a0f0000,0x000000001a1f0000)]

siginfo: ExceptionCode=0xc0000005, reading address 0x0000000000000be0

Registers:
RAX=0x000000006c11fd50, RBX=0x000000001718bd18, RCX=0x0000000000000b44, RDX=0x0000000000000000
RSP=0x000000001a1eeda8, RBP=0x000000001a1eee20, RSI=0x0000000000200021, RDI=0x0000000002aa835d
R8 =0x0000000000000b44, R9 =0x0000000018fef790, R10=0x0000000002ab7f48, R11=0x000000006bbab820
R12=0x0000000000000000, R13=0x000000001718bd18, R14=0x000000001a1eee40, R15=0x0000000018ff1000
RIP=0x00007ffd1c37e2ca, EFLAGS=0x0000000000010206

Top of Stack: (sp=0x000000001a1eeda8)
0x000000001a1eeda8:   0000000002ab7f74 0000000018ff1000
0x000000001a1eedb8:   000000001718bd18 0000000000200021
0x000000001a1eedc8:   0000000018ff1000 000000001a1eee98
0x000000001a1eedd8:   0000000002ab7ca2 000000001a1eede0
0x000000001a1eede8:   000000001718bd18 000000001a1eee40
0x000000001a1eedf8:   00000000171ce028 0000000000000000
0x000000001a1eee08:   000000001718bd18 0000000000000000
0x000000001a1eee18:   000000001a1eee40 000000001a1eee88
0x000000001a1eee28:   0000000002aa835d 00000000d6709f18
0x000000001a1eee38:   0000000002ab19d8 0000000000000b44
0x000000001a1eee48:   000000001a1eee48 000000001718bdb1
0x000000001a1eee58:   000000001a1eee98 00000000171ce028
0x000000001a1eee68:   0000000000000000 000000001718bdd0
0x000000001a1eee78:   000000001a1eee40 000000001a1eee98
0x000000001a1eee88:   000000001a1eeee0 0000000002aa835d
0x000000001a1eee98:   0000000000000b44 000000001a1eeea0 

Instructions: (pc=0x00007ffd1c37e2ca)
0x00007ffd1c37e2aa:   28 49 8b d1 48 8b 48 18 48 8b 81 e0 19 00 00 41
0x00007ffd1c37e2ba:   8b ca 48 ff e0 cc 48 8b 01 41 8b c8 48 8b 50 18
0x00007ffd1c37e2ca:   48 ff a2 e0 0b 00 00 cc cc cc cc cc cc cc cc cc
0x00007ffd1c37e2da:   cc cc cc cc cc cc 48 8b 01 41 8b c8 48 8b 50 18 


Register to memory mapping:

RAX=0x000000006c11fd50 is an unknown value
RBX={method} {0x000000001718bd20} 'nglEnable' '(I)V' in 'org/lwjgl/opengl/GL11'
RCX=0x0000000000000b44 is an unknown value
RDX=0x0000000000000000 is an unknown value
RSP=0x000000001a1eeda8 is pointing into the stack for thread: 0x0000000018ff1000
RBP=0x000000001a1eee20 is pointing into the stack for thread: 0x0000000018ff1000
RSI=0x0000000000200021 is an unknown value
RDI=0x0000000002aa835d is at code_begin+2301 in an Interpreter codelet
invoke return entry points  [0x0000000002aa7a60, 0x0000000002aa8440]  2528 bytes
R8 =0x0000000000000b44 is an unknown value
R9 =0x0000000018fef790 is an unknown value
R10=0x0000000002ab7f48 is at code_begin+840 in an Interpreter codelet
method entry point (kind = native)  [0x0000000002ab7c00, 0x0000000002ab8560]  2400 bytes
R11=0x000000006bbab820 is an unknown value
R12=0x0000000000000000 is an unknown value
R13={method} {0x000000001718bd20} 'nglEnable' '(I)V' in 'org/lwjgl/opengl/GL11'
R14=0x000000001a1eee40 is pointing into the stack for thread: 0x0000000018ff1000
R15=0x0000000018ff1000 is a thread


Stack: [0x000000001a0f0000,0x000000001a1f0000],  sp=0x000000001a1eeda8,  free space=1019k
Native frames: (J=compiled Java code, j=interpreted, Vv=VM code, C=native code)
C  [lwjgl_opengl.dll+0xe2ca]

Java frames: (J=compiled Java code, j=interpreted, Vv=VM code)
j  org.lwjgl.opengl.GL11.nglEnable(I)V+0
j  org.lwjgl.opengl.GL11.glEnable(I)V+1
j  org.lwjglb.engine.Window.init()V+210
j  org.lwjglb.engine.GameEngine.init()V+4
j  org.lwjglb.engine.GameEngine.run()V+1
j  java.lang.Thread.run()V+11
v  ~StubRoutines::call_stub

---------------  P R O C E S S  ---------------

Java Threads: ( => current thread )
  0x000000000105d800 JavaThread "DestroyJavaVM" [_thread_blocked, id=1576, stack(0x00000000027e0000,0x00000000028e0000)]
=>0x0000000018ff1000 JavaThread "GAME_LOOP_THREAD" [_thread_in_native, id=6068, stack(0x000000001a0f0000,0x000000001a1f0000)]
  0x0000000018f20800 JavaThread "Service Thread" daemon [_thread_blocked, id=4396, stack(0x00000000192f0000,0x00000000193f0000)]
  0x0000000017595000 JavaThread "C1 CompilerThread2" daemon [_thread_blocked, id=1920, stack(0x0000000018df0000,0x0000000018ef0000)]
  0x0000000017592800 JavaThread "C2 CompilerThread1" daemon [_thread_blocked, id=9264, stack(0x0000000018cf0000,0x0000000018df0000)]
  0x000000001758e000 JavaThread "C2 CompilerThread0" daemon [_thread_blocked, id=5716, stack(0x0000000018bf0000,0x0000000018cf0000)]
  0x000000001758c800 JavaThread "Attach Listener" daemon [_thread_blocked, id=9400, stack(0x0000000018af0000,0x0000000018bf0000)]
  0x000000001758b800 JavaThread "Signal Dispatcher" daemon [_thread_blocked, id=8464, stack(0x00000000189f0000,0x0000000018af0000)]
  0x0000000002a9c000 JavaThread "Finalizer" daemon [_thread_blocked, id=5772, stack(0x00000000187e0000,0x00000000188e0000)]
  0x0000000002a93000 JavaThread "Reference Handler" daemon [_thread_blocked, id=9280, stack(0x00000000186e0000,0x00000000187e0000)]

Other Threads:
  0x0000000017557000 VMThread [stack: 0x00000000185e0000,0x00000000186e0000] [id=2688]
  0x0000000018f35000 WatcherThread [stack: 0x00000000197f0000,0x00000000198f0000] [id=9052]

VM state:not at safepoint (normal execution)

VM Mutex/Monitor currently owned by a thread: None

Heap:
 PSYoungGen      total 37888K, used 7896K [0x00000000d6000000, 0x00000000d8a00000, 0x0000000100000000)
  eden space 32768K, 24% used [0x00000000d6000000,0x00000000d67b6278,0x00000000d8000000)
  from space 5120K, 0% used [0x00000000d8500000,0x00000000d8500000,0x00000000d8a00000)
  to   space 5120K, 0% used [0x00000000d8000000,0x00000000d8000000,0x00000000d8500000)
 ParOldGen       total 86016K, used 0K [0x0000000082000000, 0x0000000087400000, 0x00000000d6000000)
  object space 86016K, 0% used [0x0000000082000000,0x0000000082000000,0x0000000087400000)
 Metaspace       used 6638K, capacity 6806K, committed 6912K, reserved 1056768K
  class space    used 690K, capacity 734K, committed 768K, reserved 1048576K

Card table byte_map: [0x0000000011e60000,0x0000000012260000] byte_map_base: 0x0000000011a50000

Marking Bits: (ParMarkBitMap*) 0x000000006c19b6d0
 Begin Bits: [0x0000000012900000, 0x0000000014880000)
 End Bits:   [0x0000000014880000, 0x0000000016800000)

Polling page: 0x0000000001040000

CodeCache: size=245760Kb used=2100Kb max_used=2113Kb free=243659Kb
 bounds [0x0000000002aa0000, 0x0000000002d10000, 0x0000000011aa0000]
 total_blobs=1130 nmethods=399 adapters=644
 compilation: enabled

Compilation events (10 events):
Event: 1.595 Thread 0x0000000017595000 nmethod 395 0x0000000002cad1d0 code [0x0000000002cad320, 0x0000000002cad490]
Event: 1.598 Thread 0x0000000017592800  396       4       java.util.Arrays::copyOfRange (63 bytes)
Event: 1.598 Thread 0x0000000017595000  397       3       java.lang.ref.SoftReference::get (29 bytes)
Event: 1.598 Thread 0x0000000017595000 nmethod 397 0x0000000002cace10 code [0x0000000002cacf60, 0x0000000002cad150]
Event: 1.598 Thread 0x0000000017595000  398       3       java.lang.ref.Finalizer::register (10 bytes)
Event: 1.599 Thread 0x0000000017595000 nmethod 398 0x0000000002cac690 code [0x0000000002cac820, 0x0000000002cacc48]
Event: 1.599 Thread 0x0000000017595000  399       3       java.lang.ref.Finalizer::<init> (23 bytes)
Event: 1.599 Thread 0x0000000017595000 nmethod 399 0x0000000002cac050 code [0x0000000002cac1e0, 0x0000000002cac548]
Event: 1.600 Thread 0x0000000017592800 nmethod 396 0x0000000002cafa90 code [0x0000000002cafbe0, 0x0000000002cafdf8]
Event: 1.601 Thread 0x000000001758e000 nmethod 393% 0x0000000002caef90 code [0x0000000002caf0e0, 0x0000000002caf838]

GC Heap History (0 events):
No events

Deoptimization events (1 events):
Event: 0.314 Thread 0x0000000018ff1000 Uncommon trap: reason=unstable_if action=reinterpret pc=0x0000000002c366fc method=java.lang.String.indexOf([CII[CIII)I @ 3

Internal exceptions (10 events):
Event: 0.186 Thread 0x0000000018ff1000 Exception <a 'java/security/PrivilegedActionException'> (0x00000000d6538590) thrown at [C:\re\workspace\8-2-build-windows-amd64-cygwin\jdk8u121\8372\hotspot\src\share\vm\prims\jvm.cpp, line 1390]
Event: 0.186 Thread 0x0000000018ff1000 Exception <a 'java/security/PrivilegedActionException'> (0x00000000d65387a0) thrown at [C:\re\workspace\8-2-build-windows-amd64-cygwin\jdk8u121\8372\hotspot\src\share\vm\prims\jvm.cpp, line 1390]
Event: 0.186 Thread 0x0000000018ff1000 Exception <a 'java/security/PrivilegedActionException'> (0x00000000d653c488) thrown at [C:\re\workspace\8-2-build-windows-amd64-cygwin\jdk8u121\8372\hotspot\src\share\vm\prims\jvm.cpp, line 1390]
Event: 0.186 Thread 0x0000000018ff1000 Exception <a 'java/security/PrivilegedActionException'> (0x00000000d653c698) thrown at [C:\re\workspace\8-2-build-windows-amd64-cygwin\jdk8u121\8372\hotspot\src\share\vm\prims\jvm.cpp, line 1390]
Event: 1.596 Thread 0x0000000018ff1000 Exception <a 'sun/nio/fs/WindowsException'> (0x00000000d6733308) thrown at [C:\re\workspace\8-2-build-windows-amd64-cygwin\jdk8u121\8372\hotspot\src\share\vm\prims\jni.cpp, line 709]
Event: 1.596 Thread 0x0000000018ff1000 Exception <a 'sun/nio/fs/WindowsException'> (0x00000000d6733b40) thrown at [C:\re\workspace\8-2-build-windows-amd64-cygwin\jdk8u121\8372\hotspot\src\share\vm\prims\jni.cpp, line 709]
Event: 1.597 Thread 0x0000000018ff1000 Exception <a 'sun/nio/fs/WindowsException'> (0x00000000d6735da8) thrown at [C:\re\workspace\8-2-build-windows-amd64-cygwin\jdk8u121\8372\hotspot\src\share\vm\prims\jni.cpp, line 709]
Event: 1.597 Thread 0x0000000018ff1000 Exception <a 'sun/nio/fs/WindowsException'> (0x00000000d6736290) thrown at [C:\re\workspace\8-2-build-windows-amd64-cygwin\jdk8u121\8372\hotspot\src\share\vm\prims\jni.cpp, line 709]
Event: 1.597 Thread 0x0000000018ff1000 Exception <a 'sun/nio/fs/WindowsException'> (0x00000000d6736c68) thrown at [C:\re\workspace\8-2-build-windows-amd64-cygwin\jdk8u121\8372\hotspot\src\share\vm\prims\jni.cpp, line 709]
Event: 1.597 Thread 0x0000000018ff1000 Exception <a 'sun/nio/fs/WindowsException'> (0x00000000d67370f8) thrown at [C:\re\workspace\8-2-build-windows-amd64-cygwin\jdk8u121\8372\hotspot\src\share\vm\prims\jni.cpp, line 709]

Events (10 events):
Event: 1.596 loading class java/nio/file/NoSuchFileException
Event: 1.596 loading class java/nio/file/FileSystemException
Event: 1.596 loading class java/nio/file/FileSystemException done
Event: 1.596 loading class java/nio/file/NoSuchFileException done
Event: 1.597 loading class org/lwjgl/opengl/GL$1
Event: 1.597 loading class org/lwjgl/opengl/GL$1 done
Event: 1.598 loading class org/lwjgl/opengl/GL$SharedLibraryGL
Event: 1.598 loading class org/lwjgl/opengl/GL$SharedLibraryGL done
Event: 1.598 loading class org/lwjgl/system/SharedLibrary$Delegate
Event: 1.598 loading class org/lwjgl/system/SharedLibrary$Delegate done


Dynamic libraries:
0x00007ff68a250000 - 0x00007ff68a287000 	C:\Program Files\Java\jdk1.8\bin\java.exe
0x00007ffd58f20000 - 0x00007ffd590f1000 	C:\WINDOWS\SYSTEM32\ntdll.dll
0x00007ffd58d00000 - 0x00007ffd58dab000 	C:\WINDOWS\System32\KERNEL32.DLL
0x00007ffd56290000 - 0x00007ffd564ad000 	C:\WINDOWS\System32\KERNELBASE.dll
0x00007ffd588d0000 - 0x00007ffd58972000 	C:\WINDOWS\System32\ADVAPI32.dll
0x00007ffd57af0000 - 0x00007ffd57b8e000 	C:\WINDOWS\System32\msvcrt.dll
0x00007ffd58700000 - 0x00007ffd58759000 	C:\WINDOWS\System32\sechost.dll
0x00007ffd583e0000 - 0x00007ffd58501000 	C:\WINDOWS\System32\RPCRT4.dll
0x00007ffd57fd0000 - 0x00007ffd58135000 	C:\WINDOWS\System32\USER32.dll
0x00007ffd56270000 - 0x00007ffd5628e000 	C:\WINDOWS\System32\win32u.dll
0x00007ffd58cc0000 - 0x00007ffd58cf4000 	C:\WINDOWS\System32\GDI32.dll
0x00007ffd55570000 - 0x00007ffd556f2000 	C:\WINDOWS\System32\gdi32full.dll
0x00007ffd47be0000 - 0x00007ffd47e5a000 	C:\WINDOWS\WinSxS\amd64_microsoft.windows.common-controls_6595b64144ccf1df_6.0.14393.953_none_42151e83c686086b\COMCTL32.dll
0x00007ffd589f0000 - 0x00007ffd58cb8000 	C:\WINDOWS\System32\combase.dll
0x00007ffd55de0000 - 0x00007ffd55ed5000 	C:\WINDOWS\System32\ucrtbase.dll
0x00007ffd55ee0000 - 0x00007ffd55f4a000 	C:\WINDOWS\System32\bcryptPrimitives.dll
0x00007ffd58670000 - 0x00007ffd5869e000 	C:\WINDOWS\System32\IMM32.DLL
0x000000006b8a0000 - 0x000000006b972000 	C:\Program Files\Java\jdk1.8\jre\bin\msvcr100.dll
0x000000006b980000 - 0x000000006c21b000 	C:\Program Files\Java\jdk1.8\jre\bin\server\jvm.dll
0x00007ffd588c0000 - 0x00007ffd588c8000 	C:\WINDOWS\System32\PSAPI.DLL
0x00007ffd531e0000 - 0x00007ffd53203000 	C:\WINDOWS\SYSTEM32\WINMM.dll
0x00007ffd51b20000 - 0x00007ffd51b29000 	C:\WINDOWS\SYSTEM32\WSOCK32.dll
0x00007ffd48f60000 - 0x00007ffd48f6a000 	C:\WINDOWS\SYSTEM32\VERSION.dll
0x00007ffd58eb0000 - 0x00007ffd58f1a000 	C:\WINDOWS\System32\WS2_32.dll
0x00000000027b0000 - 0x00000000027db000 	C:\WINDOWS\SYSTEM32\WINMMBASE.dll
0x00007ffd56220000 - 0x00007ffd56262000 	C:\WINDOWS\System32\cfgmgr32.dll
0x000000006b850000 - 0x000000006b85f000 	C:\Program Files\Java\jdk1.8\jre\bin\verify.dll
0x000000006b820000 - 0x000000006b849000 	C:\Program Files\Java\jdk1.8\jre\bin\java.dll
0x000000006b800000 - 0x000000006b816000 	C:\Program Files\Java\jdk1.8\jre\bin\zip.dll
0x00007ffd56580000 - 0x00007ffd57a89000 	C:\WINDOWS\System32\SHELL32.dll
0x00007ffd55700000 - 0x00007ffd55dda000 	C:\WINDOWS\System32\windows.storage.dll
0x00007ffd553a0000 - 0x00007ffd553ec000 	C:\WINDOWS\System32\powrprof.dll
0x00007ffd581e0000 - 0x00007ffd58232000 	C:\WINDOWS\System32\shlwapi.dll
0x00007ffd55390000 - 0x00007ffd5539f000 	C:\WINDOWS\System32\kernel.appcore.dll
0x00007ffd55410000 - 0x00007ffd554b9000 	C:\WINDOWS\System32\shcore.dll
0x00007ffd553f0000 - 0x00007ffd55404000 	C:\WINDOWS\System32\profapi.dll
0x000000006b7e0000 - 0x000000006b7fa000 	C:\Program Files\Java\jdk1.8\jre\bin\net.dll
0x00007ffd54cb0000 - 0x00007ffd54d0c000 	C:\WINDOWS\system32\mswsock.dll
0x000000006b7c0000 - 0x000000006b7d1000 	C:\Program Files\Java\jdk1.8\jre\bin\nio.dll
0x00007ffd1c3d0000 - 0x00007ffd1c427000 	C:\Users\ahbejarano\AppData\Local\Temp\lwjglahbejarano\3.1.1-build-16\lwjgl.dll
0x00007ffd54e70000 - 0x00007ffd54e7b000 	C:\WINDOWS\SYSTEM32\CRYPTBASE.DLL
0x00007ffd21a30000 - 0x00007ffd21a6c000 	C:\Users\AHBEJA~1\AppData\Local\Temp\lwjglahbejarano\3.1.1-build-16\glfw.dll
0x00007ffd53b00000 - 0x00007ffd53b95000 	C:\WINDOWS\system32\uxtheme.dll
0x00007ffd21860000 - 0x00007ffd218a0000 	C:\WINDOWS\SYSTEM32\dinput8.dll
0x00007ffd3ee10000 - 0x00007ffd3ee1e000 	C:\WINDOWS\SYSTEM32\xinput1_4.dll
0x00007ffd54040000 - 0x00007ffd54068000 	C:\WINDOWS\SYSTEM32\DEVOBJ.dll
0x00007ffd53080000 - 0x00007ffd530a6000 	C:\WINDOWS\SYSTEM32\dwmapi.dll
0x00007ffd54260000 - 0x00007ffd5426c000 	C:\WINDOWS\SYSTEM32\HID.DLL
0x00007ffd57ba0000 - 0x00007ffd57fc9000 	C:\WINDOWS\System32\SETUPAPI.DLL
0x00007ffd55f50000 - 0x00007ffd55fa5000 	C:\WINDOWS\System32\WINTRUST.dll
0x00007ffd55380000 - 0x00007ffd55390000 	C:\WINDOWS\System32\MSASN1.dll
0x00007ffd56050000 - 0x00007ffd56219000 	C:\WINDOWS\System32\CRYPT32.dll
0x00007ffd58510000 - 0x00007ffd5866a000 	C:\WINDOWS\System32\MSCTF.dll
0x00007ffd564c0000 - 0x00007ffd5657f000 	C:\WINDOWS\System32\OLEAUT32.dll
0x00007ffd55fb0000 - 0x00007ffd5604c000 	C:\WINDOWS\System32\msvcp_win.dll
0x00007ffd498e0000 - 0x00007ffd49a03000 	C:\WINDOWS\SYSTEM32\opengl32.dll
0x00007ffd52990000 - 0x00007ffd529bd000 	C:\WINDOWS\SYSTEM32\GLU32.dll
0x00007ffd4b0c0000 - 0x00007ffd4b1b7000 	C:\WINDOWS\SYSTEM32\DDRAW.dll
0x00007ffd52df0000 - 0x00007ffd52df8000 	C:\WINDOWS\SYSTEM32\DCIMAN32.dll
0x00000000693a0000 - 0x000000006b538000 	C:\WINDOWS\SYSTEM32\nvoglv64.DLL
0x00007ffd52e60000 - 0x00007ffd52e73000 	C:\WINDOWS\SYSTEM32\WTSAPI32.dll
0x00007ffd54780000 - 0x00007ffd547b2000 	C:\WINDOWS\SYSTEM32\ntmarta.dll
0x00007ffd544e0000 - 0x00007ffd54536000 	C:\WINDOWS\SYSTEM32\WINSTA.dll
0x00007ffd54300000 - 0x00007ffd5439f000 	C:\WINDOWS\system32\dxgi.dll
0x00007ffd52590000 - 0x00007ffd52846000 	C:\WINDOWS\system32\d3d11.dll
0x00007ffd19ed0000 - 0x00007ffd1b67e000 	C:\WINDOWS\System32\DriverStore\FileRepository\nvami.inf_amd64_79f909bfbbd7ec05\nvwgf2umx.dll
0x00007ffd54f60000 - 0x00007ffd54f8b000 	C:\WINDOWS\SYSTEM32\bcrypt.dll
0x00007ffd3f4c0000 - 0x00007ffd3f691000 	C:\WINDOWS\system32\nvspcap64.dll
0x00007ffd58760000 - 0x00007ffd58897000 	C:\WINDOWS\System32\ole32.dll
0x00007ffd4aac0000 - 0x00007ffd4ab8d000 	C:\WINDOWS\SYSTEM32\WINHTTP.dll
0x00007ffd3fb00000 - 0x00007ffd3ff1e000 	C:\WINDOWS\system32\nvapi64.dll
0x00007ffd1c370000 - 0x00007ffd1c3cf000 	C:\Users\ahbejarano\AppData\Local\Temp\lwjglahbejarano\3.1.1-build-16\lwjgl_opengl.dll
0x00007ffd51920000 - 0x00007ffd51ab2000 	C:\WINDOWS\SYSTEM32\dbghelp.dll

VM Arguments:
java_command: org.lwjglb.game.Main
java_class_path (initial): D:\Projects\LWJGLBook\lwjglbook\chapter07\c07-p1\target\classes;C:\Users\ahbejarano\.m2\repository\org\lwjgl\lwjgl\3.1.1\lwjgl-3.1.1.jar;C:\Users\ahbejarano\.m2\repository\org\lwjgl\lwjgl-glfw\3.1.1\lwjgl-glfw-3.1.1.jar;C:\Users\ahbejarano\.m2\repository\org\lwjgl\lwjgl-opengl\3.1.1\lwjgl-opengl-3.1.1.jar;C:\Users\ahbejarano\.m2\repository\org\joml\joml\1.9.2\joml-1.9.2.jar;C:\Users\ahbejarano\.m2\repository\org\lwjgl\lwjgl\3.1.1\lwjgl-3.1.1-natives-windows.jar;C:\Users\ahbejarano\.m2\repository\org\lwjgl\lwjgl-glfw\3.1.1\lwjgl-glfw-3.1.1-natives-windows.jar
Launcher Type: SUN_STANDARD

Environment Variables:
JAVA_HOME=C:\Program Files\Java\jdk1.8
PATH=C:\Program Files (x86)\Intel\iCLS Client\;C:\Program Files\Intel\iCLS Client\;C:\Windows\system32;C:\Windows;C:\Windows\System32\Wbem;C:\Windows\System32\WindowsPowerShell\v1.0\;C:\Program Files (x86)\Intel\Intel(R) Management Engine Components\DAL;C:\Program Files\Intel\Intel(R) Management Engine Components\DAL;C:\Program Files (x86)\Intel\Intel(R) Management Engine Components\IPT;C:\Program Files\Intel\Intel(R) Management Engine Components\IPT;C:\Program Files (x86)\NVIDIA Corporation\PhysX\Common;C:\WINDOWS\system32;C:\WINDOWS;D:\Apps\maven\bin;C:\Program Files (x86)\Bitvise SSH Client;C:\Program Files (x86)\Calibre2\;C:\WINDOWS\System32\Wbem;C:\WINDOWS\System32\WindowsPowerShell\v1.0\;C:\Program Files\Git\cmd;C:\Program Files (x86)\Skype\Phone\;C:\Users\ahbejarano\AppData\Local\Microsoft\WindowsApps;
USERNAME=ahbejarano
OS=Windows_NT
PROCESSOR_IDENTIFIER=Intel64 Family 6 Model 78 Stepping 3, GenuineIntel



---------------  S Y S T E M  ---------------

OS: Windows 10.0 , 64 bit Build 14393 (10.0.14393.0)

CPU:total 4 (2 cores per cpu, 2 threads per core) family 6 model 78 stepping 3, cmov, cx8, fxsr, mmx, sse, sse2, sse3, ssse3, sse4.1, sse4.2, popcnt, avx, avx2, aes, clmul, erms, 3dnowpref, lzcnt, ht, tsc, tscinvbit, bmi1, bmi2, adx

Memory: 4k page, physical 8252288k(3947040k free), swap 9563008k(4676896k free)

vm_info: Java HotSpot(TM) 64-Bit Server VM (25.121-b13) for windows-amd64 JRE (1.8.0_121-b13), built on Dec 12 2016 18:21:36 by "java_re" with MS VC++ 10.0 (VS2010)

time: Sun Apr 02 09:21:42 2017
elapsed time: 1 seconds (0d 0h 0m 1s)

