#
# A fatal error has been detected by the Java Runtime Environment:
#
#  EXCEPTION_ACCESS_VIOLATION (0xc0000005) at pc=0x00007ffd1c37e2ca, pid=7360, tid=0x0000000000001d34
#
# JRE version: Java(TM) SE Runtime Environment (8.0_121-b13) (build 1.8.0_121-b13)
# Java VM: Java HotSpot(TM) 64-Bit Server VM (25.121-b13 mixed mode windows-amd64 compressed oops)
# Problematic frame:
# C  [lwjgl_opengl.dll+0xe2ca]
#
# Failed to write core dump. Minidumps are not enabled by default on client versions of Windows
#
# If you would like to submit a bug report, please visit:
#   http://bugreport.java.com/bugreport/crash.jsp
# The crash happened outside the Java Virtual Machine in native code.
# See problematic frame for where to report the bug.
#

---------------  T H R E A D  ---------------

Current thread (0x00000000197d0000):  JavaThread "GAME_LOOP_THREAD" [_thread_in_native, id=7476, stack(0x000000001a910000,0x000000001aa10000)]

siginfo: ExceptionCode=0xc0000005, reading address 0x0000000000000be0

Registers:
RAX=0x000000006c11fd50, RBX=0x00000000179bbd18, RCX=0x0000000000000b44, RDX=0x0000000000000000
RSP=0x000000001aa0ebe8, RBP=0x000000001aa0ec60, RSI=0x0000000000200021, RDI=0x00000000032c835d
R8 =0x0000000000000b44, R9 =0x00000000197fd4e0, R10=0x00000000032d7f48, R11=0x000000006bbab820
R12=0x0000000000000000, R13=0x00000000179bbd18, R14=0x000000001aa0ec80, R15=0x00000000197d0000
RIP=0x00007ffd1c37e2ca, EFLAGS=0x0000000000010206

Top of Stack: (sp=0x000000001aa0ebe8)
0x000000001aa0ebe8:   00000000032d7f74 00000000197d0000
0x000000001aa0ebf8:   00000000179bbd18 0000000000200021
0x000000001aa0ec08:   00000000197d0000 000000001aa0ecd8
0x000000001aa0ec18:   00000000032d7ca2 000000001aa0ec20
0x000000001aa0ec28:   00000000179bbd18 000000001aa0ec80
0x000000001aa0ec38:   00000000179ee028 0000000000000000
0x000000001aa0ec48:   00000000179bbd18 0000000000000000
0x000000001aa0ec58:   000000001aa0ec80 000000001aa0ecc8
0x000000001aa0ec68:   00000000032c835d 00000000d6709f18
0x000000001aa0ec78:   00000000032d19d8 0000000000000b44
0x000000001aa0ec88:   000000001aa0ec88 00000000179bbdb1
0x000000001aa0ec98:   000000001aa0ecd8 00000000179ee028
0x000000001aa0eca8:   0000000000000000 00000000179bbdd0
0x000000001aa0ecb8:   000000001aa0ec80 000000001aa0ecd8
0x000000001aa0ecc8:   000000001aa0ed20 00000000032c835d
0x000000001aa0ecd8:   0000000000000b44 000000001aa0ece0 

Instructions: (pc=0x00007ffd1c37e2ca)
0x00007ffd1c37e2aa:   28 49 8b d1 48 8b 48 18 48 8b 81 e0 19 00 00 41
0x00007ffd1c37e2ba:   8b ca 48 ff e0 cc 48 8b 01 41 8b c8 48 8b 50 18
0x00007ffd1c37e2ca:   48 ff a2 e0 0b 00 00 cc cc cc cc cc cc cc cc cc
0x00007ffd1c37e2da:   cc cc cc cc cc cc 48 8b 01 41 8b c8 48 8b 50 18 


Register to memory mapping:

RAX=0x000000006c11fd50 is an unknown value
RBX={method} {0x00000000179bbd20} 'nglEnable' '(I)V' in 'org/lwjgl/opengl/GL11'
RCX=0x0000000000000b44 is an unknown value
RDX=0x0000000000000000 is an unknown value
RSP=0x000000001aa0ebe8 is pointing into the stack for thread: 0x00000000197d0000
RBP=0x000000001aa0ec60 is pointing into the stack for thread: 0x00000000197d0000
RSI=0x0000000000200021 is an unknown value
RDI=0x00000000032c835d is at code_begin+2301 in an Interpreter codelet
invoke return entry points  [0x00000000032c7a60, 0x00000000032c8440]  2528 bytes
R8 =0x0000000000000b44 is an unknown value
R9 =0x00000000197fd4e0 is an unknown value
R10=0x00000000032d7f48 is at code_begin+840 in an Interpreter codelet
method entry point (kind = native)  [0x00000000032d7c00, 0x00000000032d8560]  2400 bytes
R11=0x000000006bbab820 is an unknown value
R12=0x0000000000000000 is an unknown value
R13={method} {0x00000000179bbd20} 'nglEnable' '(I)V' in 'org/lwjgl/opengl/GL11'
R14=0x000000001aa0ec80 is pointing into the stack for thread: 0x00000000197d0000
R15=0x00000000197d0000 is a thread


Stack: [0x000000001a910000,0x000000001aa10000],  sp=0x000000001aa0ebe8,  free space=1018k
Native frames: (J=compiled Java code, j=interpreted, Vv=VM code, C=native code)
C  [lwjgl_opengl.dll+0xe2ca]

Java frames: (J=compiled Java code, j=interpreted, Vv=VM code)
j  org.lwjgl.opengl.GL11.nglEnable(I)V+0
j  org.lwjgl.opengl.GL11.glEnable(I)V+1
j  org.lwjglb.engine.Window.init()V+210
j  org.lwjglb.engine.GameEngine.init()V+4
j  org.lwjglb.engine.GameEngine.run()V+1
j  java.lang.Thread.run()V+11
v  ~StubRoutines::call_stub

---------------  P R O C E S S  ---------------

Java Threads: ( => current thread )
  0x00000000032bd800 JavaThread "DestroyJavaVM" [_thread_blocked, id=6236, stack(0x0000000002fc0000,0x00000000030c0000)]
=>0x00000000197d0000 JavaThread "GAME_LOOP_THREAD" [_thread_in_native, id=7476, stack(0x000000001a910000,0x000000001aa10000)]
  0x0000000019741800 JavaThread "Service Thread" daemon [_thread_blocked, id=6208, stack(0x0000000019b10000,0x0000000019c10000)]
  0x0000000017dbe000 JavaThread "C1 CompilerThread2" daemon [_thread_blocked, id=5212, stack(0x0000000019610000,0x0000000019710000)]
  0x0000000017db2000 JavaThread "C2 CompilerThread1" daemon [_thread_blocked, id=5116, stack(0x0000000019510000,0x0000000019610000)]
  0x0000000017dad800 JavaThread "C2 CompilerThread0" daemon [_thread_blocked, id=5320, stack(0x0000000019410000,0x0000000019510000)]
  0x0000000017dbb000 JavaThread "Attach Listener" daemon [_thread_blocked, id=3348, stack(0x0000000019310000,0x0000000019410000)]
  0x0000000017dba000 JavaThread "Signal Dispatcher" daemon [_thread_blocked, id=112, stack(0x0000000019210000,0x0000000019310000)]
  0x000000000320a000 JavaThread "Finalizer" daemon [_thread_blocked, id=3120, stack(0x0000000019000000,0x0000000019100000)]
  0x0000000003201000 JavaThread "Reference Handler" daemon [_thread_blocked, id=6360, stack(0x0000000018f00000,0x0000000019000000)]

Other Threads:
  0x0000000017d77000 VMThread [stack: 0x0000000018e00000,0x0000000018f00000] [id=4000]
  0x0000000019744800 WatcherThread [stack: 0x000000001a010000,0x000000001a110000] [id=6972]

VM state:not at safepoint (normal execution)

VM Mutex/Monitor currently owned by a thread: None

Heap:
 PSYoungGen      total 37888K, used 7896K [0x00000000d6000000, 0x00000000d8a00000, 0x0000000100000000)
  eden space 32768K, 24% used [0x00000000d6000000,0x00000000d67b6278,0x00000000d8000000)
  from space 5120K, 0% used [0x00000000d8500000,0x00000000d8500000,0x00000000d8a00000)
  to   space 5120K, 0% used [0x00000000d8000000,0x00000000d8000000,0x00000000d8500000)
 ParOldGen       total 86016K, used 0K [0x0000000082000000, 0x0000000087400000, 0x00000000d6000000)
  object space 86016K, 0% used [0x0000000082000000,0x0000000082000000,0x0000000087400000)
 Metaspace       used 6641K, capacity 6806K, committed 6912K, reserved 1056768K
  class space    used 690K, capacity 734K, committed 768K, reserved 1048576K

Card table byte_map: [0x0000000012680000,0x0000000012a80000] byte_map_base: 0x0000000012270000

Marking Bits: (ParMarkBitMap*) 0x000000006c19b6d0
 Begin Bits: [0x0000000013120000, 0x00000000150a0000)
 End Bits:   [0x00000000150a0000, 0x0000000017020000)

Polling page: 0x00000000030c0000

CodeCache: size=245760Kb used=2092Kb max_used=2104Kb free=243667Kb
 bounds [0x00000000032c0000, 0x0000000003530000, 0x00000000122c0000]
 total_blobs=1139 nmethods=408 adapters=644
 compilation: enabled

Compilation events (10 events):
Event: 0.899 Thread 0x0000000017dbe000  402       3       java.nio.DirectByteBuffer::ix (10 bytes)
Event: 0.899 Thread 0x0000000017dbe000 nmethod 402 0x00000000034c8c10 code [0x00000000034c8d60, 0x00000000034c8eb0]
Event: 0.901 Thread 0x0000000017dbe000  403       3       sun.security.provider.DigestBase::implCompressMultiBlock (23 bytes)
Event: 0.901 Thread 0x0000000017dbe000 nmethod 403 0x00000000034c8f10 code [0x00000000034c9080, 0x00000000034c9368]
Event: 0.902 Thread 0x0000000017dbe000  404       3       java.nio.Buffer::flip (20 bytes)
Event: 0.902 Thread 0x0000000017dbe000 nmethod 404 0x00000000034c9450 code [0x00000000034c95a0, 0x00000000034c9710]
Event: 0.905 Thread 0x0000000017db2000  405       4       java.util.Arrays::copyOfRange (63 bytes)
Event: 0.905 Thread 0x0000000017dbe000  406       3       java.lang.ref.SoftReference::get (29 bytes)
Event: 0.905 Thread 0x0000000017dbe000 nmethod 406 0x00000000034c9790 code [0x00000000034c98e0, 0x00000000034c9ad0]
Event: 0.905 Thread 0x0000000017dbe000  407       3       java.lang.ref.Finalizer::register (10 bytes)

GC Heap History (0 events):
No events

Deoptimization events (1 events):
Event: 0.220 Thread 0x00000000197d0000 Uncommon trap: reason=unstable_if action=reinterpret pc=0x0000000003451a7c method=java.lang.String.indexOf([CII[CIII)I @ 3

Internal exceptions (10 events):
Event: 0.180 Thread 0x00000000197d0000 Exception <a 'java/security/PrivilegedActionException'> (0x00000000d6538590) thrown at [C:\re\workspace\8-2-build-windows-amd64-cygwin\jdk8u121\8372\hotspot\src\share\vm\prims\jvm.cpp, line 1390]
Event: 0.180 Thread 0x00000000197d0000 Exception <a 'java/security/PrivilegedActionException'> (0x00000000d65387a0) thrown at [C:\re\workspace\8-2-build-windows-amd64-cygwin\jdk8u121\8372\hotspot\src\share\vm\prims\jvm.cpp, line 1390]
Event: 0.180 Thread 0x00000000197d0000 Exception <a 'java/security/PrivilegedActionException'> (0x00000000d653c488) thrown at [C:\re\workspace\8-2-build-windows-amd64-cygwin\jdk8u121\8372\hotspot\src\share\vm\prims\jvm.cpp, line 1390]
Event: 0.180 Thread 0x00000000197d0000 Exception <a 'java/security/PrivilegedActionException'> (0x00000000d653c698) thrown at [C:\re\workspace\8-2-build-windows-amd64-cygwin\jdk8u121\8372\hotspot\src\share\vm\prims\jvm.cpp, line 1390]
Event: 0.903 Thread 0x00000000197d0000 Exception <a 'sun/nio/fs/WindowsException'> (0x00000000d6733308) thrown at [C:\re\workspace\8-2-build-windows-amd64-cygwin\jdk8u121\8372\hotspot\src\share\vm\prims\jni.cpp, line 709]
Event: 0.903 Thread 0x00000000197d0000 Exception <a 'sun/nio/fs/WindowsException'> (0x00000000d6733b40) thrown at [C:\re\workspace\8-2-build-windows-amd64-cygwin\jdk8u121\8372\hotspot\src\share\vm\prims\jni.cpp, line 709]
Event: 0.904 Thread 0x00000000197d0000 Exception <a 'sun/nio/fs/WindowsException'> (0x00000000d6735da8) thrown at [C:\re\workspace\8-2-build-windows-amd64-cygwin\jdk8u121\8372\hotspot\src\share\vm\prims\jni.cpp, line 709]
Event: 0.904 Thread 0x00000000197d0000 Exception <a 'sun/nio/fs/WindowsException'> (0x00000000d6736290) thrown at [C:\re\workspace\8-2-build-windows-amd64-cygwin\jdk8u121\8372\hotspot\src\share\vm\prims\jni.cpp, line 709]
Event: 0.904 Thread 0x00000000197d0000 Exception <a 'sun/nio/fs/WindowsException'> (0x00000000d6736c68) thrown at [C:\re\workspace\8-2-build-windows-amd64-cygwin\jdk8u121\8372\hotspot\src\share\vm\prims\jni.cpp, line 709]
Event: 0.904 Thread 0x00000000197d0000 Exception <a 'sun/nio/fs/WindowsException'> (0x00000000d67370f8) thrown at [C:\re\workspace\8-2-build-windows-amd64-cygwin\jdk8u121\8372\hotspot\src\share\vm\prims\jni.cpp, line 709]

Events (10 events):
Event: 0.903 loading class java/nio/file/NoSuchFileException
Event: 0.903 loading class java/nio/file/FileSystemException
Event: 0.903 loading class java/nio/file/FileSystemException done
Event: 0.903 loading class java/nio/file/NoSuchFileException done
Event: 0.904 loading class org/lwjgl/opengl/GL$1
Event: 0.904 loading class org/lwjgl/opengl/GL$1 done
Event: 0.904 loading class org/lwjgl/opengl/GL$SharedLibraryGL
Event: 0.904 loading class org/lwjgl/opengl/GL$SharedLibraryGL done
Event: 0.904 loading class org/lwjgl/system/SharedLibrary$Delegate
Event: 0.904 loading class org/lwjgl/system/SharedLibrary$Delegate done


Dynamic libraries:
0x00007ff68a250000 - 0x00007ff68a287000 	C:\Program Files\Java\jdk1.8\bin\java.exe
0x00007ffd58f20000 - 0x00007ffd590f1000 	C:\WINDOWS\SYSTEM32\ntdll.dll
0x00007ffd58d00000 - 0x00007ffd58dab000 	C:\WINDOWS\System32\KERNEL32.DLL
0x00007ffd56290000 - 0x00007ffd564ad000 	C:\WINDOWS\System32\KERNELBASE.dll
0x00007ffd588d0000 - 0x00007ffd58972000 	C:\WINDOWS\System32\ADVAPI32.dll
0x00007ffd57af0000 - 0x00007ffd57b8e000 	C:\WINDOWS\System32\msvcrt.dll
0x00007ffd58700000 - 0x00007ffd58759000 	C:\WINDOWS\System32\sechost.dll
0x00007ffd583e0000 - 0x00007ffd58501000 	C:\WINDOWS\System32\RPCRT4.dll
0x00007ffd57fd0000 - 0x00007ffd58135000 	C:\WINDOWS\System32\USER32.dll
0x00007ffd56270000 - 0x00007ffd5628e000 	C:\WINDOWS\System32\win32u.dll
0x00007ffd58cc0000 - 0x00007ffd58cf4000 	C:\WINDOWS\System32\GDI32.dll
0x00007ffd55570000 - 0x00007ffd556f2000 	C:\WINDOWS\System32\gdi32full.dll
0x00007ffd47be0000 - 0x00007ffd47e5a000 	C:\WINDOWS\WinSxS\amd64_microsoft.windows.common-controls_6595b64144ccf1df_6.0.14393.953_none_42151e83c686086b\COMCTL32.dll
0x00007ffd589f0000 - 0x00007ffd58cb8000 	C:\WINDOWS\System32\combase.dll
0x00007ffd55de0000 - 0x00007ffd55ed5000 	C:\WINDOWS\System32\ucrtbase.dll
0x00007ffd55ee0000 - 0x00007ffd55f4a000 	C:\WINDOWS\System32\bcryptPrimitives.dll
0x00007ffd58670000 - 0x00007ffd5869e000 	C:\WINDOWS\System32\IMM32.DLL
0x000000006b8a0000 - 0x000000006b972000 	C:\Program Files\Java\jdk1.8\jre\bin\msvcr100.dll
0x000000006b980000 - 0x000000006c21b000 	C:\Program Files\Java\jdk1.8\jre\bin\server\jvm.dll
0x00007ffd588c0000 - 0x00007ffd588c8000 	C:\WINDOWS\System32\PSAPI.DLL
0x00007ffd51b20000 - 0x00007ffd51b29000 	C:\WINDOWS\SYSTEM32\WSOCK32.dll
0x00007ffd531e0000 - 0x00007ffd53203000 	C:\WINDOWS\SYSTEM32\WINMM.dll
0x00007ffd48f60000 - 0x00007ffd48f6a000 	C:\WINDOWS\SYSTEM32\VERSION.dll
0x00007ffd58eb0000 - 0x00007ffd58f1a000 	C:\WINDOWS\System32\WS2_32.dll
0x0000000002f90000 - 0x0000000002fbb000 	C:\WINDOWS\SYSTEM32\WINMMBASE.dll
0x00007ffd56220000 - 0x00007ffd56262000 	C:\WINDOWS\System32\cfgmgr32.dll
0x000000006b850000 - 0x000000006b85f000 	C:\Program Files\Java\jdk1.8\jre\bin\verify.dll
0x000000006b820000 - 0x000000006b849000 	C:\Program Files\Java\jdk1.8\jre\bin\java.dll
0x000000006b800000 - 0x000000006b816000 	C:\Program Files\Java\jdk1.8\jre\bin\zip.dll
0x00007ffd56580000 - 0x00007ffd57a89000 	C:\WINDOWS\System32\SHELL32.dll
0x00007ffd55700000 - 0x00007ffd55dda000 	C:\WINDOWS\System32\windows.storage.dll
0x00007ffd553a0000 - 0x00007ffd553ec000 	C:\WINDOWS\System32\powrprof.dll
0x00007ffd581e0000 - 0x00007ffd58232000 	C:\WINDOWS\System32\shlwapi.dll
0x00007ffd55390000 - 0x00007ffd5539f000 	C:\WINDOWS\System32\kernel.appcore.dll
0x00007ffd55410000 - 0x00007ffd554b9000 	C:\WINDOWS\System32\shcore.dll
0x00007ffd553f0000 - 0x00007ffd55404000 	C:\WINDOWS\System32\profapi.dll
0x000000006b7e0000 - 0x000000006b7fa000 	C:\Program Files\Java\jdk1.8\jre\bin\net.dll
0x00007ffd54cb0000 - 0x00007ffd54d0c000 	C:\WINDOWS\system32\mswsock.dll
0x000000006b7c0000 - 0x000000006b7d1000 	C:\Program Files\Java\jdk1.8\jre\bin\nio.dll
0x00007ffd1c3d0000 - 0x00007ffd1c427000 	C:\Users\ahbejarano\AppData\Local\Temp\lwjglahbejarano\3.1.1-build-16\lwjgl.dll
0x00007ffd54e70000 - 0x00007ffd54e7b000 	C:\WINDOWS\SYSTEM32\CRYPTBASE.DLL
0x00007ffd21a30000 - 0x00007ffd21a6c000 	C:\Users\AHBEJA~1\AppData\Local\Temp\lwjglahbejarano\3.1.1-build-16\glfw.dll
0x00007ffd53b00000 - 0x00007ffd53b95000 	C:\WINDOWS\system32\uxtheme.dll
0x00007ffd21860000 - 0x00007ffd218a0000 	C:\WINDOWS\SYSTEM32\dinput8.dll
0x00007ffd3ee10000 - 0x00007ffd3ee1e000 	C:\WINDOWS\SYSTEM32\xinput1_4.dll
0x00007ffd54040000 - 0x00007ffd54068000 	C:\WINDOWS\SYSTEM32\DEVOBJ.dll
0x00007ffd53080000 - 0x00007ffd530a6000 	C:\WINDOWS\SYSTEM32\dwmapi.dll
0x00007ffd54260000 - 0x00007ffd5426c000 	C:\WINDOWS\SYSTEM32\HID.DLL
0x00007ffd57ba0000 - 0x00007ffd57fc9000 	C:\WINDOWS\System32\SETUPAPI.DLL
0x00007ffd55f50000 - 0x00007ffd55fa5000 	C:\WINDOWS\System32\WINTRUST.dll
0x00007ffd55380000 - 0x00007ffd55390000 	C:\WINDOWS\System32\MSASN1.dll
0x00007ffd56050000 - 0x00007ffd56219000 	C:\WINDOWS\System32\CRYPT32.dll
0x00007ffd58510000 - 0x00007ffd5866a000 	C:\WINDOWS\System32\MSCTF.dll
0x00007ffd564c0000 - 0x00007ffd5657f000 	C:\WINDOWS\System32\OLEAUT32.dll
0x00007ffd55fb0000 - 0x00007ffd5604c000 	C:\WINDOWS\System32\msvcp_win.dll
0x00007ffd498e0000 - 0x00007ffd49a03000 	C:\WINDOWS\SYSTEM32\opengl32.dll
0x00007ffd52990000 - 0x00007ffd529bd000 	C:\WINDOWS\SYSTEM32\GLU32.dll
0x00007ffd4b0c0000 - 0x00007ffd4b1b7000 	C:\WINDOWS\SYSTEM32\DDRAW.dll
0x00007ffd52df0000 - 0x00007ffd52df8000 	C:\WINDOWS\SYSTEM32\DCIMAN32.dll
0x00000000693a0000 - 0x000000006b538000 	C:\WINDOWS\SYSTEM32\nvoglv64.DLL
0x00007ffd52e60000 - 0x00007ffd52e73000 	C:\WINDOWS\SYSTEM32\WTSAPI32.dll
0x00007ffd54780000 - 0x00007ffd547b2000 	C:\WINDOWS\SYSTEM32\ntmarta.dll
0x00007ffd544e0000 - 0x00007ffd54536000 	C:\WINDOWS\SYSTEM32\WINSTA.dll
0x00007ffd54300000 - 0x00007ffd5439f000 	C:\WINDOWS\system32\dxgi.dll
0x00007ffd52590000 - 0x00007ffd52846000 	C:\WINDOWS\system32\d3d11.dll
0x00007ffd19ed0000 - 0x00007ffd1b67e000 	C:\WINDOWS\System32\DriverStore\FileRepository\nvami.inf_amd64_79f909bfbbd7ec05\nvwgf2umx.dll
0x00007ffd54f60000 - 0x00007ffd54f8b000 	C:\WINDOWS\SYSTEM32\bcrypt.dll
0x00007ffd3f4c0000 - 0x00007ffd3f691000 	C:\WINDOWS\system32\nvspcap64.dll
0x00007ffd58760000 - 0x00007ffd58897000 	C:\WINDOWS\System32\ole32.dll
0x00007ffd4aac0000 - 0x00007ffd4ab8d000 	C:\WINDOWS\SYSTEM32\WINHTTP.dll
0x00007ffd3fb00000 - 0x00007ffd3ff1e000 	C:\WINDOWS\system32\nvapi64.dll
0x00007ffd1c370000 - 0x00007ffd1c3cf000 	C:\Users\ahbejarano\AppData\Local\Temp\lwjglahbejarano\3.1.1-build-16\lwjgl_opengl.dll
0x00007ffd51920000 - 0x00007ffd51ab2000 	C:\WINDOWS\SYSTEM32\dbghelp.dll

VM Arguments:
java_command: org.lwjglb.game.Main
java_class_path (initial): D:\Projects\LWJGLBook\lwjglbook\chapter07\c07-p1\target\classes;C:\Users\ahbejarano\.m2\repository\org\lwjgl\lwjgl\3.1.1\lwjgl-3.1.1.jar;C:\Users\ahbejarano\.m2\repository\org\lwjgl\lwjgl-glfw\3.1.1\lwjgl-glfw-3.1.1.jar;C:\Users\ahbejarano\.m2\repository\org\lwjgl\lwjgl-opengl\3.1.1\lwjgl-opengl-3.1.1.jar;C:\Users\ahbejarano\.m2\repository\org\joml\joml\1.9.2\joml-1.9.2.jar;C:\Users\ahbejarano\.m2\repository\org\lwjgl\lwjgl\3.1.1\lwjgl-3.1.1-natives-windows.jar;C:\Users\ahbejarano\.m2\repository\org\lwjgl\lwjgl-glfw\3.1.1\lwjgl-glfw-3.1.1-natives-windows.jar
Launcher Type: SUN_STANDARD

Environment Variables:
JAVA_HOME=C:\Program Files\Java\jdk1.8
PATH=C:\Program Files (x86)\Intel\iCLS Client\;C:\Program Files\Intel\iCLS Client\;C:\Windows\system32;C:\Windows;C:\Windows\System32\Wbem;C:\Windows\System32\WindowsPowerShell\v1.0\;C:\Program Files (x86)\Intel\Intel(R) Management Engine Components\DAL;C:\Program Files\Intel\Intel(R) Management Engine Components\DAL;C:\Program Files (x86)\Intel\Intel(R) Management Engine Components\IPT;C:\Program Files\Intel\Intel(R) Management Engine Components\IPT;C:\Program Files (x86)\NVIDIA Corporation\PhysX\Common;C:\WINDOWS\system32;C:\WINDOWS;D:\Apps\maven\bin;C:\Program Files (x86)\Bitvise SSH Client;C:\Program Files (x86)\Calibre2\;C:\WINDOWS\System32\Wbem;C:\WINDOWS\System32\WindowsPowerShell\v1.0\;C:\Program Files\Git\cmd;C:\Program Files (x86)\Skype\Phone\;C:\Users\ahbejarano\AppData\Local\Microsoft\WindowsApps;
USERNAME=ahbejarano
OS=Windows_NT
PROCESSOR_IDENTIFIER=Intel64 Family 6 Model 78 Stepping 3, GenuineIntel



---------------  S Y S T E M  ---------------

OS: Windows 10.0 , 64 bit Build 14393 (10.0.14393.0)

CPU:total 4 (2 cores per cpu, 2 threads per core) family 6 model 78 stepping 3, cmov, cx8, fxsr, mmx, sse, sse2, sse3, ssse3, sse4.1, sse4.2, popcnt, avx, avx2, aes, clmul, erms, 3dnowpref, lzcnt, ht, tsc, tscinvbit, bmi1, bmi2, adx

Memory: 4k page, physical 8252288k(3923740k free), swap 9563008k(4636284k free)

vm_info: Java HotSpot(TM) 64-Bit Server VM (25.121-b13) for windows-amd64 JRE (1.8.0_121-b13), built on Dec 12 2016 18:21:36 by "java_re" with MS VC++ 10.0 (VS2010)

time: Sun Apr 02 09:22:00 2017
elapsed time: 0 seconds (0d 0h 0m 0s)

